<?xml version="1.0" encoding="UTF-8"?>
<coverage generated="1535641452539" clover="3.2.0">
  <project timestamp="1535641452540" name="All files">
    <metrics statements="121" coveredstatements="107" conditionals="57" coveredconditionals="47" methods="70" coveredmethods="52" elements="248" coveredelements="206" complexity="0" loc="121" ncloc="121" packages="7" files="20" classes="20">
      <package name="actions">
        <metrics statements="15" coveredstatements="15" conditionals="8" coveredconditionals="1" methods="11" coveredmethods="11"/>
        <file name="expenses.js" path="C:\Users\Henry Owen\Documents\react_course\expensify_app\src\actions\expenses.js">
          <metrics statements="10" coveredstatements="10" conditionals="7" coveredconditionals="0" methods="6" coveredmethods="6"/>
          <line num="5" count="3" type="stmt"/>
          <line num="10" count="3" type="cond" truecount="0" falsecount="1"/>
          <line num="11" count="1" type="stmt"/>
          <line num="17" count="1" type="stmt"/>
          <line num="18" count="1" type="stmt"/>
          <line num="19" count="1" type="stmt"/>
          <line num="21" count="1" type="stmt"/>
          <line num="30" count="3" type="cond" truecount="0" falsecount="1"/>
          <line num="35" count="3" type="cond" truecount="0" falsecount="1"/>
          <line num="36" count="1" type="stmt"/>
        </file>
        <file name="filters.js" path="C:\Users\Henry Owen\Documents\react_course\expensify_app\src\actions\filters.js">
          <metrics statements="5" coveredstatements="5" conditionals="1" coveredconditionals="1" methods="5" coveredmethods="5"/>
          <line num="2" count="3" type="cond" truecount="1" falsecount="0"/>
          <line num="7" count="3" type="stmt"/>
          <line num="9" count="3" type="stmt"/>
          <line num="11" count="3" type="stmt"/>
          <line num="16" count="3" type="stmt"/>
        </file>
      </package>
      <package name="components">
        <metrics statements="69" coveredstatements="55" conditionals="24" coveredconditionals="22" methods="49" coveredmethods="31"/>
        <file name="AddExpensePage.js" path="C:\Users\Henry Owen\Documents\react_course\expensify_app\src\components\AddExpensePage.js">
          <metrics statements="5" coveredstatements="4" conditionals="0" coveredconditionals="0" methods="4" coveredmethods="2"/>
          <line num="8" count="1" type="stmt"/>
          <line num="9" count="1" type="stmt"/>
          <line num="12" count="2" type="stmt"/>
          <line num="23" count="1" type="stmt"/>
          <line num="24" count="0" type="stmt"/>
        </file>
        <file name="EditExpensePage.js" path="C:\Users\Henry Owen\Documents\react_course\expensify_app\src\components\EditExpensePage.js">
          <metrics statements="11" coveredstatements="7" conditionals="0" coveredconditionals="0" methods="8" coveredmethods="3"/>
          <line num="8" count="1" type="stmt"/>
          <line num="9" count="1" type="stmt"/>
          <line num="12" count="1" type="stmt"/>
          <line num="13" count="1" type="stmt"/>
          <line num="16" count="3" type="stmt"/>
          <line num="30" count="1" type="stmt"/>
          <line num="31" count="0" type="stmt"/>
          <line num="32" count="0" type="stmt"/>
          <line num="36" count="1" type="stmt"/>
          <line num="37" count="0" type="stmt"/>
          <line num="38" count="0" type="stmt"/>
        </file>
        <file name="ExpenseDashboardPage.js" path="C:\Users\Henry Owen\Documents\react_course\expensify_app\src\components\ExpenseDashboardPage.js">
          <metrics statements="2" coveredstatements="2" conditionals="0" coveredconditionals="0" methods="1" coveredmethods="1"/>
          <line num="6" count="1" type="stmt"/>
          <line num="7" count="1" type="stmt"/>
        </file>
        <file name="ExpenseForm.js" path="C:\Users\Henry Owen\Documents\react_course\expensify_app\src\components\ExpenseForm.js">
          <metrics statements="19" coveredstatements="18" conditionals="18" coveredconditionals="17" methods="14" coveredmethods="13"/>
          <line num="7" count="10" type="stmt"/>
          <line num="9" count="10" type="stmt"/>
          <line num="19" count="2" type="stmt"/>
          <line num="20" count="2" type="cond" truecount="2" falsecount="0"/>
          <line num="21" count="1" type="stmt"/>
          <line num="25" count="1" type="stmt"/>
          <line num="26" count="1" type="stmt"/>
          <line num="29" count="1" type="stmt"/>
          <line num="30" count="1" type="stmt"/>
          <line num="33" count="1" type="cond" truecount="1" falsecount="1"/>
          <line num="34" count="1" type="stmt"/>
          <line num="38" count="1" type="stmt"/>
          <line num="41" count="2" type="stmt"/>
          <line num="42" count="2" type="cond" truecount="4" falsecount="0"/>
          <line num="43" count="1" type="stmt"/>
          <line num="45" count="1" type="stmt"/>
          <line num="46" count="1" type="stmt"/>
          <line num="55" count="17" type="stmt"/>
          <line num="78" count="0" type="stmt"/>
        </file>
        <file name="ExpenseList.js" path="C:\Users\Henry Owen\Documents\react_course\expensify_app\src\components\ExpenseList.js">
          <metrics statements="4" coveredstatements="4" conditionals="2" coveredconditionals="2" methods="3" coveredmethods="2"/>
          <line num="6" count="2" type="stmt"/>
          <line num="7" count="2" type="stmt"/>
          <line num="14" count="3" type="stmt"/>
          <line num="21" count="2" type="stmt"/>
        </file>
        <file name="ExpenseListFilters.js" path="C:\Users\Henry Owen\Documents\react_course\expensify_app\src\components\ExpenseListFilters.js">
          <metrics statements="17" coveredstatements="11" conditionals="4" coveredconditionals="3" methods="14" coveredmethods="6"/>
          <line num="11" count="2" type="stmt"/>
          <line num="12" count="2" type="stmt"/>
          <line num="15" count="1" type="stmt"/>
          <line num="18" count="1" type="stmt"/>
          <line num="21" count="2" type="cond" truecount="2" falsecount="0"/>
          <line num="22" count="1" type="stmt"/>
          <line num="23" count="1" type="cond" truecount="1" falsecount="1"/>
          <line num="24" count="1" type="stmt"/>
          <line num="28" count="10" type="stmt"/>
          <line num="51" count="0" type="stmt"/>
          <line num="58" count="2" type="stmt"/>
          <line num="65" count="2" type="stmt"/>
          <line num="66" count="0" type="stmt"/>
          <line num="67" count="0" type="stmt"/>
          <line num="68" count="0" type="stmt"/>
          <line num="69" count="0" type="stmt"/>
          <line num="70" count="0" type="stmt"/>
        </file>
        <file name="ExpenseListItem.js" path="C:\Users\Henry Owen\Documents\react_course\expensify_app\src\components\ExpenseListItem.js">
          <metrics statements="2" coveredstatements="2" conditionals="0" coveredconditionals="0" methods="1" coveredmethods="1"/>
          <line num="6" count="3" type="stmt"/>
          <line num="7" count="1" type="stmt"/>
        </file>
        <file name="ExpensesSummary.js" path="C:\Users\Henry Owen\Documents\react_course\expensify_app\src\components\ExpensesSummary.js">
          <metrics statements="5" coveredstatements="3" conditionals="0" coveredconditionals="0" methods="2" coveredmethods="1"/>
          <line num="9" count="3" type="stmt"/>
          <line num="10" count="3" type="stmt"/>
          <line num="18" count="2" type="stmt"/>
          <line num="19" count="0" type="stmt"/>
          <line num="20" count="0" type="stmt"/>
        </file>
        <file name="Header.js" path="C:\Users\Henry Owen\Documents\react_course\expensify_app\src\components\Header.js">
          <metrics statements="2" coveredstatements="2" conditionals="0" coveredconditionals="0" methods="1" coveredmethods="1"/>
          <line num="4" count="1" type="stmt"/>
          <line num="5" count="1" type="stmt"/>
        </file>
        <file name="NotFoundPage.js" path="C:\Users\Henry Owen\Documents\react_course\expensify_app\src\components\NotFoundPage.js">
          <metrics statements="2" coveredstatements="2" conditionals="0" coveredconditionals="0" methods="1" coveredmethods="1"/>
          <line num="6" count="1" type="stmt"/>
          <line num="7" count="1" type="stmt"/>
        </file>
      </package>
      <package name="firebase">
        <metrics statements="3" coveredstatements="3" conditionals="0" coveredconditionals="0" methods="0" coveredmethods="0"/>
        <file name="firebase.js" path="C:\Users\Henry Owen\Documents\react_course\expensify_app\src\firebase\firebase.js">
          <metrics statements="3" coveredstatements="3" conditionals="0" coveredconditionals="0" methods="0" coveredmethods="0"/>
          <line num="3" count="3" type="stmt"/>
          <line num="12" count="3" type="stmt"/>
          <line num="14" count="3" type="stmt"/>
        </file>
      </package>
      <package name="reducers">
        <metrics statements="17" coveredstatements="17" conditionals="14" coveredconditionals="14" methods="4" coveredmethods="4"/>
        <file name="expenses.js" path="C:\Users\Henry Owen\Documents\react_course\expensify_app\src\reducers\expenses.js">
          <metrics statements="9" coveredstatements="9" conditionals="7" coveredconditionals="7" methods="3" coveredmethods="3"/>
          <line num="1" count="1" type="stmt"/>
          <line num="4" count="6" type="cond" truecount="4" falsecount="0"/>
          <line num="6" count="1" type="stmt"/>
          <line num="12" count="6" type="stmt"/>
          <line num="14" count="2" type="stmt"/>
          <line num="15" count="6" type="cond" truecount="2" falsecount="0"/>
          <line num="16" count="1" type="stmt"/>
          <line num="21" count="5" type="stmt"/>
          <line num="26" count="1" type="stmt"/>
        </file>
        <file name="filters.js" path="C:\Users\Henry Owen\Documents\react_course\expensify_app\src\reducers\filters.js">
          <metrics statements="8" coveredstatements="8" conditionals="7" coveredconditionals="7" methods="1" coveredmethods="1"/>
          <line num="3" count="1" type="stmt"/>
          <line num="11" count="6" type="cond" truecount="6" falsecount="0"/>
          <line num="13" count="1" type="stmt"/>
          <line num="19" count="1" type="stmt"/>
          <line num="24" count="1" type="stmt"/>
          <line num="29" count="1" type="stmt"/>
          <line num="34" count="1" type="stmt"/>
          <line num="39" count="1" type="stmt"/>
        </file>
      </package>
      <package name="selectors">
        <metrics statements="13" coveredstatements="13" conditionals="11" coveredconditionals="10" methods="6" coveredmethods="6"/>
        <file name="expenses-total.js" path="C:\Users\Henry Owen\Documents\react_course\expensify_app\src\selectors\expenses-total.js">
          <metrics statements="3" coveredstatements="3" conditionals="0" coveredconditionals="0" methods="3" coveredmethods="3"/>
          <line num="4" count="3" type="stmt"/>
          <line num="5" count="4" type="stmt"/>
          <line num="6" count="4" type="stmt"/>
        </file>
        <file name="expenses.js" path="C:\Users\Henry Owen\Documents\react_course\expensify_app\src\selectors\expenses.js">
          <metrics statements="10" coveredstatements="10" conditionals="11" coveredconditionals="10" methods="3" coveredmethods="3"/>
          <line num="4" count="5" type="stmt"/>
          <line num="5" count="15" type="stmt"/>
          <line num="6" count="15" type="cond" truecount="2" falsecount="0"/>
          <line num="7" count="15" type="cond" truecount="2" falsecount="0"/>
          <line num="8" count="15" type="stmt"/>
          <line num="10" count="15" type="cond" truecount="3" falsecount="0"/>
          <line num="12" count="9" type="cond" truecount="2" falsecount="0"/>
          <line num="13" count="6" type="stmt"/>
          <line num="15" count="3" type="cond" truecount="1" falsecount="1"/>
          <line num="16" count="3" type="stmt"/>
        </file>
      </package>
      <package name="tests">
        <metrics statements="1" coveredstatements="1" conditionals="0" coveredconditionals="0" methods="0" coveredmethods="0"/>
        <file name="setupTests.js" path="C:\Users\Henry Owen\Documents\react_course\expensify_app\src\tests\setupTests.js">
          <metrics statements="1" coveredstatements="1" conditionals="0" coveredconditionals="0" methods="0" coveredmethods="0"/>
          <line num="4" count="16" type="stmt"/>
        </file>
      </package>
      <package name="tests.fixtures">
        <metrics statements="3" coveredstatements="3" conditionals="0" coveredconditionals="0" methods="0" coveredmethods="0"/>
        <file name="expenses.js" path="C:\Users\Henry Owen\Documents\react_course\expensify_app\src\tests\fixtures\expenses.js">
          <metrics statements="1" coveredstatements="1" conditionals="0" coveredconditionals="0" methods="0" coveredmethods="0"/>
          <line num="3" count="10" type="stmt"/>
        </file>
        <file name="filters.js" path="C:\Users\Henry Owen\Documents\react_course\expensify_app\src\tests\fixtures\filters.js">
          <metrics statements="2" coveredstatements="2" conditionals="0" coveredconditionals="0" methods="0" coveredmethods="0"/>
          <line num="3" count="1" type="stmt"/>
          <line num="10" count="1" type="stmt"/>
        </file>
      </package>
    </metrics>
  </project>
</coverage>
