{"C:\\Users\\Henry Owen\\Documents\\react_course\\expensify_app\\src\\actions\\expenses.js": {"path":"C:\\Users\\Henry Owen\\Documents\\react_course\\expensify_app\\src\\actions\\expenses.js","statementMap":{"0":{"start":{"line":5,"column":26},"end":{"line":8,"column":3}},"1":{"start":{"line":5,"column":40},"end":{"line":8,"column":2}},"2":{"start":{"line":10,"column":31},"end":{"line":27,"column":1}},"3":{"start":{"line":11,"column":1},"end":{"line":26,"column":3}},"4":{"start":{"line":17,"column":6},"end":{"line":17,"column":17}},"5":{"start":{"line":18,"column":18},"end":{"line":18,"column":57}},"6":{"start":{"line":19,"column":2},"end":{"line":25,"column":5}},"7":{"start":{"line":21,"column":3},"end":{"line":24,"column":7}},"8":{"start":{"line":30,"column":29},"end":{"line":33,"column":2}},"9":{"start":{"line":30,"column":45},"end":{"line":33,"column":1}},"10":{"start":{"line":35,"column":27},"end":{"line":41,"column":1}},"11":{"start":{"line":36,"column":1},"end":{"line":40,"column":3}}},"fnMap":{"0":{"name":"(anonymous_0)","decl":{"start":{"line":5,"column":26},"end":{"line":5,"column":27}},"loc":{"start":{"line":5,"column":40},"end":{"line":8,"column":2}},"line":5},"1":{"name":"(anonymous_1)","decl":{"start":{"line":10,"column":31},"end":{"line":10,"column":32}},"loc":{"start":{"line":10,"column":53},"end":{"line":27,"column":1}},"line":10},"2":{"name":"(anonymous_2)","decl":{"start":{"line":11,"column":8},"end":{"line":11,"column":9}},"loc":{"start":{"line":11,"column":22},"end":{"line":26,"column":2}},"line":11},"3":{"name":"(anonymous_3)","decl":{"start":{"line":20,"column":8},"end":{"line":20,"column":9}},"loc":{"start":{"line":20,"column":17},"end":{"line":25,"column":3}},"line":20},"4":{"name":"(anonymous_4)","decl":{"start":{"line":30,"column":29},"end":{"line":30,"column":30}},"loc":{"start":{"line":30,"column":45},"end":{"line":33,"column":1}},"line":30},"5":{"name":"(anonymous_5)","decl":{"start":{"line":35,"column":27},"end":{"line":35,"column":28}},"loc":{"start":{"line":35,"column":51},"end":{"line":41,"column":1}},"line":35}},"branchMap":{"0":{"loc":{"start":{"line":10,"column":32},"end":{"line":10,"column":48}},"type":"default-arg","locations":[{"start":{"line":10,"column":46},"end":{"line":10,"column":48}}],"line":10},"1":{"loc":{"start":{"line":13,"column":3},"end":{"line":13,"column":19}},"type":"default-arg","locations":[{"start":{"line":13,"column":17},"end":{"line":13,"column":19}}],"line":13},"2":{"loc":{"start":{"line":14,"column":3},"end":{"line":14,"column":12}},"type":"default-arg","locations":[{"start":{"line":14,"column":10},"end":{"line":14,"column":12}}],"line":14},"3":{"loc":{"start":{"line":15,"column":3},"end":{"line":15,"column":13}},"type":"default-arg","locations":[{"start":{"line":15,"column":12},"end":{"line":15,"column":13}}],"line":15},"4":{"loc":{"start":{"line":16,"column":3},"end":{"line":16,"column":16}},"type":"default-arg","locations":[{"start":{"line":16,"column":15},"end":{"line":16,"column":16}}],"line":16},"5":{"loc":{"start":{"line":30,"column":30},"end":{"line":30,"column":39}},"type":"default-arg","locations":[{"start":{"line":30,"column":37},"end":{"line":30,"column":39}}],"line":30},"6":{"loc":{"start":{"line":35,"column":28},"end":{"line":35,"column":46}},"type":"default-arg","locations":[{"start":{"line":35,"column":44},"end":{"line":35,"column":46}}],"line":35}},"s":{"0":3,"1":2,"2":3,"3":1,"4":1,"5":1,"6":1,"7":1,"8":3,"9":1,"10":3,"11":1},"f":{"0":2,"1":1,"2":1,"3":1,"4":1,"5":1},"b":{"0":[0],"1":[0],"2":[0],"3":[0],"4":[0],"5":[0],"6":[0]},"_coverageSchema":"332fd63041d2c1bcb487cc26dd0d5f7d97098a6c","hash":"1b56b6a26a199da7d171b468f0fccb2dc5f319b9"}
,"C:\\Users\\Henry Owen\\Documents\\react_course\\expensify_app\\src\\actions\\filters.js": {"path":"C:\\Users\\Henry Owen\\Documents\\react_course\\expensify_app\\src\\actions\\filters.js","statementMap":{"0":{"start":{"line":2,"column":29},"end":{"line":5,"column":2}},"1":{"start":{"line":2,"column":45},"end":{"line":5,"column":1}},"2":{"start":{"line":7,"column":28},"end":{"line":7,"column":62}},"3":{"start":{"line":7,"column":35},"end":{"line":7,"column":61}},"4":{"start":{"line":9,"column":26},"end":{"line":9,"column":58}},"5":{"start":{"line":9,"column":33},"end":{"line":9,"column":57}},"6":{"start":{"line":11,"column":28},"end":{"line":14,"column":2}},"7":{"start":{"line":11,"column":44},"end":{"line":14,"column":1}},"8":{"start":{"line":16,"column":26},"end":{"line":19,"column":2}},"9":{"start":{"line":16,"column":40},"end":{"line":19,"column":1}}},"fnMap":{"0":{"name":"(anonymous_0)","decl":{"start":{"line":2,"column":29},"end":{"line":2,"column":30}},"loc":{"start":{"line":2,"column":45},"end":{"line":5,"column":1}},"line":2},"1":{"name":"(anonymous_1)","decl":{"start":{"line":7,"column":28},"end":{"line":7,"column":29}},"loc":{"start":{"line":7,"column":35},"end":{"line":7,"column":61}},"line":7},"2":{"name":"(anonymous_2)","decl":{"start":{"line":9,"column":26},"end":{"line":9,"column":27}},"loc":{"start":{"line":9,"column":33},"end":{"line":9,"column":57}},"line":9},"3":{"name":"(anonymous_3)","decl":{"start":{"line":11,"column":28},"end":{"line":11,"column":29}},"loc":{"start":{"line":11,"column":44},"end":{"line":14,"column":1}},"line":11},"4":{"name":"(anonymous_4)","decl":{"start":{"line":16,"column":26},"end":{"line":16,"column":27}},"loc":{"start":{"line":16,"column":40},"end":{"line":19,"column":1}},"line":16}},"branchMap":{"0":{"loc":{"start":{"line":2,"column":30},"end":{"line":2,"column":39}},"type":"default-arg","locations":[{"start":{"line":2,"column":37},"end":{"line":2,"column":39}}],"line":2}},"s":{"0":3,"1":2,"2":3,"3":1,"4":3,"5":1,"6":3,"7":1,"8":3,"9":1},"f":{"0":2,"1":1,"2":1,"3":1,"4":1},"b":{"0":[1]},"_coverageSchema":"332fd63041d2c1bcb487cc26dd0d5f7d97098a6c","hash":"23ce2e0136cd2739faf4094325343e091e03c30c"}
,"C:\\Users\\Henry Owen\\Documents\\react_course\\expensify_app\\src\\components\\AddExpensePage.js": {"path":"C:\\Users\\Henry Owen\\Documents\\react_course\\expensify_app\\src\\components\\AddExpensePage.js","statementMap":{"0":{"start":{"line":8,"column":2},"end":{"line":8,"column":38}},"1":{"start":{"line":9,"column":2},"end":{"line":9,"column":31}},"2":{"start":{"line":12,"column":2},"end":{"line":19,"column":4}},"3":{"start":{"line":23,"column":27},"end":{"line":25,"column":2}},"4":{"start":{"line":23,"column":42},"end":{"line":25,"column":1}},"5":{"start":{"line":24,"column":31},"end":{"line":24,"column":65}}},"fnMap":{"0":{"name":"(anonymous_0)","decl":{"start":{"line":7,"column":12},"end":{"line":7,"column":13}},"loc":{"start":{"line":7,"column":25},"end":{"line":10,"column":2}},"line":7},"1":{"name":"(anonymous_1)","decl":{"start":{"line":11,"column":1},"end":{"line":11,"column":2}},"loc":{"start":{"line":11,"column":10},"end":{"line":20,"column":2}},"line":11},"2":{"name":"(anonymous_2)","decl":{"start":{"line":23,"column":27},"end":{"line":23,"column":28}},"loc":{"start":{"line":23,"column":42},"end":{"line":25,"column":1}},"line":23},"3":{"name":"(anonymous_3)","decl":{"start":{"line":24,"column":18},"end":{"line":24,"column":19}},"loc":{"start":{"line":24,"column":31},"end":{"line":24,"column":65}},"line":24}},"branchMap":{},"s":{"0":1,"1":1,"2":2,"3":1,"4":0,"5":0},"f":{"0":1,"1":2,"2":0,"3":0},"b":{},"_coverageSchema":"332fd63041d2c1bcb487cc26dd0d5f7d97098a6c","hash":"a53985143173fe7192f7a1e1769687a543abeeda"}
,"C:\\Users\\Henry Owen\\Documents\\react_course\\expensify_app\\src\\components\\EditExpensePage.js": {"path":"C:\\Users\\Henry Owen\\Documents\\react_course\\expensify_app\\src\\components\\EditExpensePage.js","statementMap":{"0":{"start":{"line":8,"column":2},"end":{"line":8,"column":72}},"1":{"start":{"line":9,"column":2},"end":{"line":9,"column":31}},"2":{"start":{"line":12,"column":2},"end":{"line":12,"column":56}},"3":{"start":{"line":13,"column":2},"end":{"line":13,"column":31}},"4":{"start":{"line":16,"column":2},"end":{"line":26,"column":4}},"5":{"start":{"line":30,"column":24},"end":{"line":34,"column":1}},"6":{"start":{"line":31,"column":1},"end":{"line":33,"column":3}},"7":{"start":{"line":32,"column":44},"end":{"line":32,"column":80}},"8":{"start":{"line":36,"column":27},"end":{"line":39,"column":2}},"9":{"start":{"line":36,"column":49},"end":{"line":39,"column":1}},"10":{"start":{"line":37,"column":27},"end":{"line":37,"column":57}},"11":{"start":{"line":38,"column":24},"end":{"line":38,"column":51}}},"fnMap":{"0":{"name":"(anonymous_0)","decl":{"start":{"line":7,"column":12},"end":{"line":7,"column":13}},"loc":{"start":{"line":7,"column":25},"end":{"line":10,"column":2}},"line":7},"1":{"name":"(anonymous_1)","decl":{"start":{"line":11,"column":12},"end":{"line":11,"column":13}},"loc":{"start":{"line":11,"column":18},"end":{"line":14,"column":2}},"line":11},"2":{"name":"(anonymous_2)","decl":{"start":{"line":15,"column":1},"end":{"line":15,"column":2}},"loc":{"start":{"line":15,"column":10},"end":{"line":27,"column":2}},"line":15},"3":{"name":"(anonymous_3)","decl":{"start":{"line":30,"column":24},"end":{"line":30,"column":25}},"loc":{"start":{"line":30,"column":42},"end":{"line":34,"column":1}},"line":30},"4":{"name":"(anonymous_4)","decl":{"start":{"line":32,"column":31},"end":{"line":32,"column":32}},"loc":{"start":{"line":32,"column":44},"end":{"line":32,"column":80}},"line":32},"5":{"name":"(anonymous_5)","decl":{"start":{"line":36,"column":27},"end":{"line":36,"column":28}},"loc":{"start":{"line":36,"column":49},"end":{"line":39,"column":1}},"line":36},"6":{"name":"(anonymous_6)","decl":{"start":{"line":37,"column":14},"end":{"line":37,"column":15}},"loc":{"start":{"line":37,"column":27},"end":{"line":37,"column":57}},"line":37},"7":{"name":"(anonymous_7)","decl":{"start":{"line":38,"column":16},"end":{"line":38,"column":17}},"loc":{"start":{"line":38,"column":24},"end":{"line":38,"column":51}},"line":38}},"branchMap":{},"s":{"0":1,"1":1,"2":1,"3":1,"4":3,"5":1,"6":0,"7":0,"8":1,"9":0,"10":0,"11":0},"f":{"0":1,"1":1,"2":3,"3":0,"4":0,"5":0,"6":0,"7":0},"b":{},"_coverageSchema":"332fd63041d2c1bcb487cc26dd0d5f7d97098a6c","hash":"f628941d5ad81ee40d487598b82ddf6cdfd4ae67"}
,"C:\\Users\\Henry Owen\\Documents\\react_course\\expensify_app\\src\\components\\ExpenseDashboardPage.js": {"path":"C:\\Users\\Henry Owen\\Documents\\react_course\\expensify_app\\src\\components\\ExpenseDashboardPage.js","statementMap":{"0":{"start":{"line":6,"column":29},"end":{"line":12,"column":1}},"1":{"start":{"line":7,"column":1},"end":{"line":11,"column":7}}},"fnMap":{"0":{"name":"(anonymous_0)","decl":{"start":{"line":6,"column":29},"end":{"line":6,"column":30}},"loc":{"start":{"line":7,"column":1},"end":{"line":11,"column":7}},"line":7}},"branchMap":{},"s":{"0":1,"1":1},"f":{"0":1},"b":{},"_coverageSchema":"332fd63041d2c1bcb487cc26dd0d5f7d97098a6c","hash":"5cabf0e7cb1b125b5767788a2cb01288b3311431"}
,"C:\\Users\\Henry Owen\\Documents\\react_course\\expensify_app\\src\\components\\ExpenseForm.js": {"path":"C:\\Users\\Henry Owen\\Documents\\react_course\\expensify_app\\src\\components\\ExpenseForm.js","statementMap":{"0":{"start":{"line":7,"column":2},"end":{"line":7,"column":15}},"1":{"start":{"line":9,"column":2},"end":{"line":16,"column":4}},"2":{"start":{"line":19,"column":17},"end":{"line":19,"column":31}},"3":{"start":{"line":20,"column":2},"end":{"line":22,"column":3}},"4":{"start":{"line":21,"column":3},"end":{"line":21,"column":37}},"5":{"start":{"line":21,"column":24},"end":{"line":21,"column":34}},"6":{"start":{"line":25,"column":22},"end":{"line":25,"column":36}},"7":{"start":{"line":26,"column":2},"end":{"line":26,"column":41}},"8":{"start":{"line":26,"column":23},"end":{"line":26,"column":38}},"9":{"start":{"line":29,"column":15},"end":{"line":29,"column":29}},"10":{"start":{"line":30,"column":2},"end":{"line":30,"column":34}},"11":{"start":{"line":30,"column":23},"end":{"line":30,"column":31}},"12":{"start":{"line":33,"column":2},"end":{"line":35,"column":3}},"13":{"start":{"line":34,"column":3},"end":{"line":34,"column":40}},"14":{"start":{"line":34,"column":24},"end":{"line":34,"column":37}},"15":{"start":{"line":38,"column":2},"end":{"line":38,"column":53}},"16":{"start":{"line":38,"column":23},"end":{"line":38,"column":51}},"17":{"start":{"line":41,"column":2},"end":{"line":41,"column":21}},"18":{"start":{"line":42,"column":2},"end":{"line":52,"column":3}},"19":{"start":{"line":43,"column":3},"end":{"line":43,"column":69}},"20":{"start":{"line":45,"column":3},"end":{"line":45,"column":30}},"21":{"start":{"line":46,"column":3},"end":{"line":51,"column":6}},"22":{"start":{"line":55,"column":2},"end":{"line":89,"column":4}},"23":{"start":{"line":78,"column":29},"end":{"line":78,"column":34}}},"fnMap":{"0":{"name":"(anonymous_0)","decl":{"start":{"line":6,"column":1},"end":{"line":6,"column":2}},"loc":{"start":{"line":6,"column":19},"end":{"line":17,"column":2}},"line":6},"1":{"name":"(anonymous_1)","decl":{"start":{"line":18,"column":18},"end":{"line":18,"column":19}},"loc":{"start":{"line":18,"column":25},"end":{"line":23,"column":2}},"line":18},"2":{"name":"(anonymous_2)","decl":{"start":{"line":21,"column":17},"end":{"line":21,"column":18}},"loc":{"start":{"line":21,"column":24},"end":{"line":21,"column":34}},"line":21},"3":{"name":"(anonymous_3)","decl":{"start":{"line":24,"column":23},"end":{"line":24,"column":24}},"loc":{"start":{"line":24,"column":30},"end":{"line":27,"column":2}},"line":24},"4":{"name":"(anonymous_4)","decl":{"start":{"line":26,"column":16},"end":{"line":26,"column":17}},"loc":{"start":{"line":26,"column":23},"end":{"line":26,"column":38}},"line":26},"5":{"name":"(anonymous_5)","decl":{"start":{"line":28,"column":16},"end":{"line":28,"column":17}},"loc":{"start":{"line":28,"column":23},"end":{"line":31,"column":2}},"line":28},"6":{"name":"(anonymous_6)","decl":{"start":{"line":30,"column":16},"end":{"line":30,"column":17}},"loc":{"start":{"line":30,"column":23},"end":{"line":30,"column":31}},"line":30},"7":{"name":"(anonymous_7)","decl":{"start":{"line":32,"column":16},"end":{"line":32,"column":17}},"loc":{"start":{"line":32,"column":31},"end":{"line":36,"column":2}},"line":32},"8":{"name":"(anonymous_8)","decl":{"start":{"line":34,"column":17},"end":{"line":34,"column":18}},"loc":{"start":{"line":34,"column":24},"end":{"line":34,"column":37}},"line":34},"9":{"name":"(anonymous_9)","decl":{"start":{"line":37,"column":17},"end":{"line":37,"column":18}},"loc":{"start":{"line":37,"column":34},"end":{"line":39,"column":2}},"line":37},"10":{"name":"(anonymous_10)","decl":{"start":{"line":38,"column":16},"end":{"line":38,"column":17}},"loc":{"start":{"line":38,"column":23},"end":{"line":38,"column":51}},"line":38},"11":{"name":"(anonymous_11)","decl":{"start":{"line":40,"column":12},"end":{"line":40,"column":13}},"loc":{"start":{"line":40,"column":19},"end":{"line":53,"column":2}},"line":40},"12":{"name":"(anonymous_12)","decl":{"start":{"line":54,"column":1},"end":{"line":54,"column":2}},"loc":{"start":{"line":54,"column":10},"end":{"line":90,"column":2}},"line":54},"13":{"name":"(anonymous_13)","decl":{"start":{"line":78,"column":23},"end":{"line":78,"column":24}},"loc":{"start":{"line":78,"column":29},"end":{"line":78,"column":34}},"line":78}},"branchMap":{"0":{"loc":{"start":{"line":10,"column":16},"end":{"line":10,"column":62}},"type":"cond-expr","locations":[{"start":{"line":10,"column":32},"end":{"line":10,"column":57}},{"start":{"line":10,"column":60},"end":{"line":10,"column":62}}],"line":10},"1":{"loc":{"start":{"line":11,"column":9},"end":{"line":11,"column":48}},"type":"cond-expr","locations":[{"start":{"line":11,"column":25},"end":{"line":11,"column":43}},{"start":{"line":11,"column":46},"end":{"line":11,"column":48}}],"line":11},"2":{"loc":{"start":{"line":12,"column":11},"end":{"line":12,"column":69}},"type":"cond-expr","locations":[{"start":{"line":12,"column":27},"end":{"line":12,"column":64}},{"start":{"line":12,"column":67},"end":{"line":12,"column":69}}],"line":12},"3":{"loc":{"start":{"line":13,"column":14},"end":{"line":13,"column":72}},"type":"cond-expr","locations":[{"start":{"line":13,"column":30},"end":{"line":13,"column":61}},{"start":{"line":13,"column":64},"end":{"line":13,"column":72}}],"line":13},"4":{"loc":{"start":{"line":20,"column":2},"end":{"line":22,"column":3}},"type":"if","locations":[{"start":{"line":20,"column":2},"end":{"line":22,"column":3}},{"start":{"line":20,"column":2},"end":{"line":22,"column":3}}],"line":20},"5":{"loc":{"start":{"line":33,"column":2},"end":{"line":35,"column":3}},"type":"if","locations":[{"start":{"line":33,"column":2},"end":{"line":35,"column":3}},{"start":{"line":33,"column":2},"end":{"line":35,"column":3}}],"line":33},"6":{"loc":{"start":{"line":42,"column":2},"end":{"line":52,"column":3}},"type":"if","locations":[{"start":{"line":42,"column":2},"end":{"line":52,"column":3}},{"start":{"line":42,"column":2},"end":{"line":52,"column":3}}],"line":42},"7":{"loc":{"start":{"line":42,"column":6},"end":{"line":42,"column":51}},"type":"binary-expr","locations":[{"start":{"line":42,"column":6},"end":{"line":42,"column":29}},{"start":{"line":42,"column":33},"end":{"line":42,"column":51}}],"line":42},"8":{"loc":{"start":{"line":57,"column":5},"end":{"line":57,"column":52}},"type":"binary-expr","locations":[{"start":{"line":57,"column":5},"end":{"line":57,"column":21}},{"start":{"line":57,"column":25},"end":{"line":57,"column":52}}],"line":57}},"s":{"0":10,"1":10,"2":2,"3":2,"4":1,"5":1,"6":1,"7":1,"8":1,"9":1,"10":1,"11":1,"12":1,"13":1,"14":1,"15":1,"16":1,"17":2,"18":2,"19":1,"20":1,"21":1,"22":17,"23":0},"f":{"0":10,"1":2,"2":1,"3":1,"4":1,"5":1,"6":1,"7":1,"8":1,"9":1,"10":1,"11":2,"12":17,"13":0},"b":{"0":[2,8],"1":[2,8],"2":[2,8],"3":[2,8],"4":[1,1],"5":[1,0],"6":[1,1],"7":[2,1],"8":[17,1]},"_coverageSchema":"332fd63041d2c1bcb487cc26dd0d5f7d97098a6c","hash":"7d8095b2026b2701b75b6dc53ddd952117c97e94"}
,"C:\\Users\\Henry Owen\\Documents\\react_course\\expensify_app\\src\\components\\ExpenseList.js": {"path":"C:\\Users\\Henry Owen\\Documents\\react_course\\expensify_app\\src\\components\\ExpenseList.js","statementMap":{"0":{"start":{"line":6,"column":27},"end":{"line":19,"column":1}},"1":{"start":{"line":7,"column":1},"end":{"line":18,"column":7}},"2":{"start":{"line":14,"column":5},"end":{"line":14,"column":54}},"3":{"start":{"line":21,"column":24},"end":{"line":23,"column":2}},"4":{"start":{"line":21,"column":36},"end":{"line":23,"column":1}}},"fnMap":{"0":{"name":"(anonymous_0)","decl":{"start":{"line":6,"column":27},"end":{"line":6,"column":28}},"loc":{"start":{"line":7,"column":1},"end":{"line":18,"column":7}},"line":7},"1":{"name":"(anonymous_1)","decl":{"start":{"line":13,"column":23},"end":{"line":13,"column":24}},"loc":{"start":{"line":14,"column":5},"end":{"line":14,"column":54}},"line":14},"2":{"name":"(anonymous_2)","decl":{"start":{"line":21,"column":24},"end":{"line":21,"column":25}},"loc":{"start":{"line":21,"column":36},"end":{"line":23,"column":1}},"line":21}},"branchMap":{"0":{"loc":{"start":{"line":9,"column":3},"end":{"line":16,"column":4}},"type":"cond-expr","locations":[{"start":{"line":10,"column":4},"end":{"line":11,"column":26}},{"start":{"line":13,"column":4},"end":{"line":16,"column":4}}],"line":9}},"s":{"0":2,"1":2,"2":3,"3":2,"4":0},"f":{"0":2,"1":3,"2":0},"b":{"0":[1,1]},"_coverageSchema":"332fd63041d2c1bcb487cc26dd0d5f7d97098a6c","hash":"2ff4607afa089174eb220b88d6ca37da0014985b"}
,"C:\\Users\\Henry Owen\\Documents\\react_course\\expensify_app\\src\\components\\ExpenseListFilters.js": {"path":"C:\\Users\\Henry Owen\\Documents\\react_course\\expensify_app\\src\\components\\ExpenseListFilters.js","statementMap":{"0":{"start":{"line":11,"column":2},"end":{"line":11,"column":37}},"1":{"start":{"line":12,"column":2},"end":{"line":12,"column":33}},"2":{"start":{"line":15,"column":2},"end":{"line":15,"column":43}},"3":{"start":{"line":15,"column":23},"end":{"line":15,"column":40}},"4":{"start":{"line":18,"column":2},"end":{"line":18,"column":43}},"5":{"start":{"line":21,"column":2},"end":{"line":25,"column":3}},"6":{"start":{"line":22,"column":3},"end":{"line":22,"column":29}},"7":{"start":{"line":23,"column":9},"end":{"line":25,"column":3}},"8":{"start":{"line":24,"column":3},"end":{"line":24,"column":27}},"9":{"start":{"line":28,"column":2},"end":{"line":54,"column":4}},"10":{"start":{"line":51,"column":27},"end":{"line":51,"column":32}},"11":{"start":{"line":58,"column":24},"end":{"line":63,"column":2}},"12":{"start":{"line":58,"column":36},"end":{"line":63,"column":1}},"13":{"start":{"line":65,"column":27},"end":{"line":71,"column":2}},"14":{"start":{"line":65,"column":42},"end":{"line":71,"column":1}},"15":{"start":{"line":66,"column":19},"end":{"line":66,"column":39}},"16":{"start":{"line":67,"column":21},"end":{"line":67,"column":43}},"17":{"start":{"line":68,"column":26},"end":{"line":68,"column":55}},"18":{"start":{"line":69,"column":30},"end":{"line":69,"column":63}},"19":{"start":{"line":70,"column":26},"end":{"line":70,"column":55}}},"fnMap":{"0":{"name":"(anonymous_0)","decl":{"start":{"line":10,"column":17},"end":{"line":10,"column":18}},"loc":{"start":{"line":10,"column":43},"end":{"line":13,"column":2}},"line":10},"1":{"name":"(anonymous_1)","decl":{"start":{"line":14,"column":17},"end":{"line":14,"column":18}},"loc":{"start":{"line":14,"column":38},"end":{"line":16,"column":2}},"line":14},"2":{"name":"(anonymous_2)","decl":{"start":{"line":15,"column":16},"end":{"line":15,"column":17}},"loc":{"start":{"line":15,"column":23},"end":{"line":15,"column":40}},"line":15},"3":{"name":"(anonymous_3)","decl":{"start":{"line":17,"column":16},"end":{"line":17,"column":17}},"loc":{"start":{"line":17,"column":23},"end":{"line":19,"column":2}},"line":17},"4":{"name":"(anonymous_4)","decl":{"start":{"line":20,"column":18},"end":{"line":20,"column":19}},"loc":{"start":{"line":20,"column":25},"end":{"line":26,"column":2}},"line":20},"5":{"name":"(anonymous_5)","decl":{"start":{"line":27,"column":1},"end":{"line":27,"column":2}},"loc":{"start":{"line":27,"column":10},"end":{"line":55,"column":2}},"line":27},"6":{"name":"(anonymous_6)","decl":{"start":{"line":51,"column":21},"end":{"line":51,"column":22}},"loc":{"start":{"line":51,"column":27},"end":{"line":51,"column":32}},"line":51},"7":{"name":"(anonymous_7)","decl":{"start":{"line":58,"column":24},"end":{"line":58,"column":25}},"loc":{"start":{"line":58,"column":36},"end":{"line":63,"column":1}},"line":58},"8":{"name":"(anonymous_8)","decl":{"start":{"line":65,"column":27},"end":{"line":65,"column":28}},"loc":{"start":{"line":65,"column":42},"end":{"line":71,"column":1}},"line":65},"9":{"name":"(anonymous_9)","decl":{"start":{"line":66,"column":13},"end":{"line":66,"column":14}},"loc":{"start":{"line":66,"column":19},"end":{"line":66,"column":39}},"line":66},"10":{"name":"(anonymous_10)","decl":{"start":{"line":67,"column":15},"end":{"line":67,"column":16}},"loc":{"start":{"line":67,"column":21},"end":{"line":67,"column":43}},"line":67},"11":{"name":"(anonymous_11)","decl":{"start":{"line":68,"column":16},"end":{"line":68,"column":17}},"loc":{"start":{"line":68,"column":26},"end":{"line":68,"column":55}},"line":68},"12":{"name":"(anonymous_12)","decl":{"start":{"line":69,"column":15},"end":{"line":69,"column":16}},"loc":{"start":{"line":69,"column":30},"end":{"line":69,"column":63}},"line":69},"13":{"name":"(anonymous_13)","decl":{"start":{"line":70,"column":13},"end":{"line":70,"column":14}},"loc":{"start":{"line":70,"column":26},"end":{"line":70,"column":55}},"line":70}},"branchMap":{"0":{"loc":{"start":{"line":21,"column":2},"end":{"line":25,"column":3}},"type":"if","locations":[{"start":{"line":21,"column":2},"end":{"line":25,"column":3}},{"start":{"line":21,"column":2},"end":{"line":25,"column":3}}],"line":21},"1":{"loc":{"start":{"line":23,"column":9},"end":{"line":25,"column":3}},"type":"if","locations":[{"start":{"line":23,"column":9},"end":{"line":25,"column":3}},{"start":{"line":23,"column":9},"end":{"line":25,"column":3}}],"line":23}},"s":{"0":2,"1":2,"2":1,"3":1,"4":1,"5":2,"6":1,"7":1,"8":1,"9":10,"10":0,"11":2,"12":0,"13":2,"14":0,"15":0,"16":0,"17":0,"18":0,"19":0},"f":{"0":2,"1":1,"2":1,"3":1,"4":2,"5":10,"6":0,"7":0,"8":0,"9":0,"10":0,"11":0,"12":0,"13":0},"b":{"0":[1,1],"1":[1,0]},"_coverageSchema":"332fd63041d2c1bcb487cc26dd0d5f7d97098a6c","hash":"e5cfb3002bc954758377335003bcf66534485631"}
,"C:\\Users\\Henry Owen\\Documents\\react_course\\expensify_app\\src\\components\\ExpenseListItem.js": {"path":"C:\\Users\\Henry Owen\\Documents\\react_course\\expensify_app\\src\\components\\ExpenseListItem.js","statementMap":{"0":{"start":{"line":6,"column":24},"end":{"line":22,"column":2}},"1":{"start":{"line":7,"column":1},"end":{"line":22,"column":1}}},"fnMap":{"0":{"name":"(anonymous_0)","decl":{"start":{"line":6,"column":24},"end":{"line":6,"column":25}},"loc":{"start":{"line":6,"column":66},"end":{"line":22,"column":2}},"line":6}},"branchMap":{},"s":{"0":3,"1":1},"f":{"0":1},"b":{},"_coverageSchema":"332fd63041d2c1bcb487cc26dd0d5f7d97098a6c","hash":"1bdb9fda55a01c6c00c59cf9e26a972240e1dc82"}
,"C:\\Users\\Henry Owen\\Documents\\react_course\\expensify_app\\src\\components\\ExpensesSummary.js": {"path":"C:\\Users\\Henry Owen\\Documents\\react_course\\expensify_app\\src\\components\\ExpensesSummary.js","statementMap":{"0":{"start":{"line":9,"column":33},"end":{"line":9,"column":90}},"1":{"start":{"line":10,"column":2},"end":{"line":14,"column":4}},"2":{"start":{"line":18,"column":24},"end":{"line":25,"column":1}},"3":{"start":{"line":19,"column":18},"end":{"line":19,"column":63}},"4":{"start":{"line":20,"column":1},"end":{"line":24,"column":3}}},"fnMap":{"0":{"name":"(anonymous_0)","decl":{"start":{"line":8,"column":1},"end":{"line":8,"column":2}},"loc":{"start":{"line":8,"column":10},"end":{"line":15,"column":2}},"line":8},"1":{"name":"(anonymous_1)","decl":{"start":{"line":18,"column":24},"end":{"line":18,"column":25}},"loc":{"start":{"line":18,"column":35},"end":{"line":25,"column":1}},"line":18}},"branchMap":{},"s":{"0":3,"1":3,"2":2,"3":0,"4":0},"f":{"0":3,"1":0},"b":{},"_coverageSchema":"332fd63041d2c1bcb487cc26dd0d5f7d97098a6c","hash":"b544802055ce40cc7eadbd9fb7dbe52e06d0888d"}
,"C:\\Users\\Henry Owen\\Documents\\react_course\\expensify_app\\src\\components\\Header.js": {"path":"C:\\Users\\Henry Owen\\Documents\\react_course\\expensify_app\\src\\components\\Header.js","statementMap":{"0":{"start":{"line":4,"column":15},"end":{"line":10,"column":1}},"1":{"start":{"line":5,"column":1},"end":{"line":9,"column":10}}},"fnMap":{"0":{"name":"(anonymous_0)","decl":{"start":{"line":4,"column":15},"end":{"line":4,"column":16}},"loc":{"start":{"line":5,"column":1},"end":{"line":9,"column":10}},"line":5}},"branchMap":{},"s":{"0":1,"1":1},"f":{"0":1},"b":{},"_coverageSchema":"332fd63041d2c1bcb487cc26dd0d5f7d97098a6c","hash":"718c587b75c6ef2055d4b02b41d476ef4025c045"}
,"C:\\Users\\Henry Owen\\Documents\\react_course\\expensify_app\\src\\components\\NotFoundPage.js": {"path":"C:\\Users\\Henry Owen\\Documents\\react_course\\expensify_app\\src\\components\\NotFoundPage.js","statementMap":{"0":{"start":{"line":6,"column":21},"end":{"line":10,"column":1}},"1":{"start":{"line":7,"column":1},"end":{"line":9,"column":7}}},"fnMap":{"0":{"name":"(anonymous_0)","decl":{"start":{"line":6,"column":21},"end":{"line":6,"column":22}},"loc":{"start":{"line":7,"column":1},"end":{"line":9,"column":7}},"line":7}},"branchMap":{},"s":{"0":1,"1":1},"f":{"0":1},"b":{},"_coverageSchema":"332fd63041d2c1bcb487cc26dd0d5f7d97098a6c","hash":"498c7ecdb56e7007137efe752a3977ffb0ce7394"}
,"C:\\Users\\Henry Owen\\Documents\\react_course\\expensify_app\\src\\firebase\\firebase.js": {"path":"C:\\Users\\Henry Owen\\Documents\\react_course\\expensify_app\\src\\firebase\\firebase.js","statementMap":{"0":{"start":{"line":3,"column":15},"end":{"line":10,"column":1}},"1":{"start":{"line":12,"column":0},"end":{"line":12,"column":31}},"2":{"start":{"line":14,"column":17},"end":{"line":14,"column":36}}},"fnMap":{},"branchMap":{},"s":{"0":3,"1":3,"2":3},"f":{},"b":{},"_coverageSchema":"332fd63041d2c1bcb487cc26dd0d5f7d97098a6c","hash":"30f9073f8902e32f95344bcd183a2f3018d006c2"}
,"C:\\Users\\Henry Owen\\Documents\\react_course\\expensify_app\\src\\reducers\\expenses.js": {"path":"C:\\Users\\Henry Owen\\Documents\\react_course\\expensify_app\\src\\reducers\\expenses.js","statementMap":{"0":{"start":{"line":1,"column":36},"end":{"line":1,"column":38}},"1":{"start":{"line":4,"column":1},"end":{"line":27,"column":2}},"2":{"start":{"line":6,"column":3},"end":{"line":9,"column":5}},"3":{"start":{"line":12,"column":3},"end":{"line":12,"column":59}},"4":{"start":{"line":12,"column":34},"end":{"line":12,"column":57}},"5":{"start":{"line":14,"column":3},"end":{"line":23,"column":6}},"6":{"start":{"line":15,"column":4},"end":{"line":22,"column":5}},"7":{"start":{"line":16,"column":5},"end":{"line":19,"column":7}},"8":{"start":{"line":21,"column":5},"end":{"line":21,"column":20}},"9":{"start":{"line":26,"column":3},"end":{"line":26,"column":16}}},"fnMap":{"0":{"name":"(anonymous_0)","decl":{"start":{"line":3,"column":15},"end":{"line":3,"column":16}},"loc":{"start":{"line":3,"column":64},"end":{"line":28,"column":1}},"line":3},"1":{"name":"(anonymous_1)","decl":{"start":{"line":12,"column":23},"end":{"line":12,"column":24}},"loc":{"start":{"line":12,"column":34},"end":{"line":12,"column":57}},"line":12},"2":{"name":"(anonymous_2)","decl":{"start":{"line":14,"column":20},"end":{"line":14,"column":21}},"loc":{"start":{"line":14,"column":33},"end":{"line":23,"column":4}},"line":14}},"branchMap":{"0":{"loc":{"start":{"line":3,"column":16},"end":{"line":3,"column":51}},"type":"default-arg","locations":[{"start":{"line":3,"column":24},"end":{"line":3,"column":51}}],"line":3},"1":{"loc":{"start":{"line":4,"column":1},"end":{"line":27,"column":2}},"type":"switch","locations":[{"start":{"line":5,"column":2},"end":{"line":9,"column":5}},{"start":{"line":11,"column":2},"end":{"line":12,"column":59}},{"start":{"line":13,"column":2},"end":{"line":23,"column":6}},{"start":{"line":25,"column":2},"end":{"line":26,"column":16}}],"line":4},"2":{"loc":{"start":{"line":15,"column":4},"end":{"line":22,"column":5}},"type":"if","locations":[{"start":{"line":15,"column":4},"end":{"line":22,"column":5}},{"start":{"line":15,"column":4},"end":{"line":22,"column":5}}],"line":15}},"s":{"0":1,"1":6,"2":1,"3":2,"4":6,"5":2,"6":6,"7":1,"8":5,"9":1},"f":{"0":6,"1":6,"2":6},"b":{"0":[1],"1":[1,2,2,1],"2":[1,5]},"_coverageSchema":"332fd63041d2c1bcb487cc26dd0d5f7d97098a6c","hash":"3910761b40a4a4a490c223f7512512a427e31d6e"}
,"C:\\Users\\Henry Owen\\Documents\\react_course\\expensify_app\\src\\reducers\\filters.js": {"path":"C:\\Users\\Henry Owen\\Documents\\react_course\\expensify_app\\src\\reducers\\filters.js","statementMap":{"0":{"start":{"line":3,"column":35},"end":{"line":8,"column":1}},"1":{"start":{"line":11,"column":1},"end":{"line":40,"column":2}},"2":{"start":{"line":13,"column":3},"end":{"line":16,"column":5}},"3":{"start":{"line":19,"column":3},"end":{"line":22,"column":5}},"4":{"start":{"line":24,"column":3},"end":{"line":27,"column":5}},"5":{"start":{"line":29,"column":3},"end":{"line":32,"column":4}},"6":{"start":{"line":34,"column":3},"end":{"line":37,"column":4}},"7":{"start":{"line":39,"column":3},"end":{"line":39,"column":16}}},"fnMap":{"0":{"name":"(anonymous_0)","decl":{"start":{"line":10,"column":15},"end":{"line":10,"column":16}},"loc":{"start":{"line":10,"column":63},"end":{"line":41,"column":1}},"line":10}},"branchMap":{"0":{"loc":{"start":{"line":10,"column":16},"end":{"line":10,"column":50}},"type":"default-arg","locations":[{"start":{"line":10,"column":24},"end":{"line":10,"column":50}}],"line":10},"1":{"loc":{"start":{"line":11,"column":1},"end":{"line":40,"column":2}},"type":"switch","locations":[{"start":{"line":12,"column":2},"end":{"line":16,"column":5}},{"start":{"line":18,"column":2},"end":{"line":22,"column":5}},{"start":{"line":23,"column":2},"end":{"line":27,"column":5}},{"start":{"line":28,"column":2},"end":{"line":32,"column":4}},{"start":{"line":33,"column":2},"end":{"line":37,"column":4}},{"start":{"line":38,"column":2},"end":{"line":39,"column":16}}],"line":11}},"s":{"0":1,"1":6,"2":1,"3":1,"4":1,"5":1,"6":1,"7":1},"f":{"0":6},"b":{"0":[5],"1":[1,1,1,1,1,1]},"_coverageSchema":"332fd63041d2c1bcb487cc26dd0d5f7d97098a6c","hash":"09f270420f22ed4aa9769f149255cb28f2bd2acd"}
,"C:\\Users\\Henry Owen\\Documents\\react_course\\expensify_app\\src\\selectors\\expenses-total.js": {"path":"C:\\Users\\Henry Owen\\Documents\\react_course\\expensify_app\\src\\selectors\\expenses-total.js","statementMap":{"0":{"start":{"line":4,"column":1},"end":{"line":6,"column":38}},"1":{"start":{"line":5,"column":20},"end":{"line":5,"column":34}},"2":{"start":{"line":6,"column":24},"end":{"line":6,"column":33}}},"fnMap":{"0":{"name":"(anonymous_0)","decl":{"start":{"line":3,"column":15},"end":{"line":3,"column":16}},"loc":{"start":{"line":3,"column":29},"end":{"line":7,"column":1}},"line":3},"1":{"name":"(anonymous_1)","decl":{"start":{"line":5,"column":7},"end":{"line":5,"column":8}},"loc":{"start":{"line":5,"column":20},"end":{"line":5,"column":34}},"line":5},"2":{"name":"(anonymous_2)","decl":{"start":{"line":6,"column":10},"end":{"line":6,"column":11}},"loc":{"start":{"line":6,"column":24},"end":{"line":6,"column":33}},"line":6}},"branchMap":{},"s":{"0":3,"1":4,"2":4},"f":{"0":3,"1":4,"2":4},"b":{},"_coverageSchema":"332fd63041d2c1bcb487cc26dd0d5f7d97098a6c","hash":"58c7af876fb5a953c920a1e38c5ff1316ebfb963"}
,"C:\\Users\\Henry Owen\\Documents\\react_course\\expensify_app\\src\\selectors\\expenses.js": {"path":"C:\\Users\\Henry Owen\\Documents\\react_course\\expensify_app\\src\\selectors\\expenses.js","statementMap":{"0":{"start":{"line":4,"column":1},"end":{"line":18,"column":4}},"1":{"start":{"line":5,"column":26},"end":{"line":5,"column":51}},"2":{"start":{"line":6,"column":25},"end":{"line":6,"column":91}},"3":{"start":{"line":7,"column":23},"end":{"line":7,"column":84}},"4":{"start":{"line":8,"column":20},"end":{"line":8,"column":82}},"5":{"start":{"line":10,"column":2},"end":{"line":10,"column":53}},"6":{"start":{"line":12,"column":2},"end":{"line":17,"column":3}},"7":{"start":{"line":13,"column":3},"end":{"line":13,"column":36}},"8":{"start":{"line":15,"column":7},"end":{"line":17,"column":3}},"9":{"start":{"line":16,"column":3},"end":{"line":16,"column":30}}},"fnMap":{"0":{"name":"(anonymous_0)","decl":{"start":{"line":3,"column":15},"end":{"line":3,"column":16}},"loc":{"start":{"line":3,"column":65},"end":{"line":19,"column":1}},"line":3},"1":{"name":"(anonymous_1)","decl":{"start":{"line":4,"column":24},"end":{"line":4,"column":25}},"loc":{"start":{"line":4,"column":37},"end":{"line":11,"column":2}},"line":4},"2":{"name":"(anonymous_2)","decl":{"start":{"line":11,"column":9},"end":{"line":11,"column":10}},"loc":{"start":{"line":11,"column":19},"end":{"line":18,"column":2}},"line":11}},"branchMap":{"0":{"loc":{"start":{"line":6,"column":25},"end":{"line":6,"column":91}},"type":"cond-expr","locations":[{"start":{"line":6,"column":36},"end":{"line":6,"column":84}},{"start":{"line":6,"column":87},"end":{"line":6,"column":91}}],"line":6},"1":{"loc":{"start":{"line":7,"column":23},"end":{"line":7,"column":84}},"type":"cond-expr","locations":[{"start":{"line":7,"column":32},"end":{"line":7,"column":77}},{"start":{"line":7,"column":80},"end":{"line":7,"column":84}}],"line":7},"2":{"loc":{"start":{"line":10,"column":9},"end":{"line":10,"column":52}},"type":"binary-expr","locations":[{"start":{"line":10,"column":9},"end":{"line":10,"column":23}},{"start":{"line":10,"column":27},"end":{"line":10,"column":39}},{"start":{"line":10,"column":43},"end":{"line":10,"column":52}}],"line":10},"3":{"loc":{"start":{"line":12,"column":2},"end":{"line":17,"column":3}},"type":"if","locations":[{"start":{"line":12,"column":2},"end":{"line":17,"column":3}},{"start":{"line":12,"column":2},"end":{"line":17,"column":3}}],"line":12},"4":{"loc":{"start":{"line":15,"column":7},"end":{"line":17,"column":3}},"type":"if","locations":[{"start":{"line":15,"column":7},"end":{"line":17,"column":3}},{"start":{"line":15,"column":7},"end":{"line":17,"column":3}}],"line":15}},"s":{"0":5,"1":15,"2":15,"3":15,"4":15,"5":15,"6":9,"7":6,"8":3,"9":3},"f":{"0":5,"1":15,"2":9},"b":{"0":[3,12],"1":[3,12],"2":[15,14,13],"3":[6,3],"4":[3,0]},"_coverageSchema":"332fd63041d2c1bcb487cc26dd0d5f7d97098a6c","hash":"e6ba6355b70a0c11ac8199e0e27f5ba144156c32"}
,"C:\\Users\\Henry Owen\\Documents\\react_course\\expensify_app\\src\\tests\\setupTests.js": {"path":"C:\\Users\\Henry Owen\\Documents\\react_course\\expensify_app\\src\\tests\\setupTests.js","statementMap":{"0":{"start":{"line":4,"column":0},"end":{"line":6,"column":3}}},"fnMap":{},"branchMap":{},"s":{"0":16},"f":{},"b":{},"_coverageSchema":"332fd63041d2c1bcb487cc26dd0d5f7d97098a6c","hash":"e2a9ec0873f7f7831d9298c496d699666284cc74"}
,"C:\\Users\\Henry Owen\\Documents\\react_course\\expensify_app\\src\\tests\\fixtures\\expenses.js": {"path":"C:\\Users\\Henry Owen\\Documents\\react_course\\expensify_app\\src\\tests\\fixtures\\expenses.js","statementMap":{"0":{"start":{"line":3,"column":17},"end":{"line":21,"column":2}}},"fnMap":{},"branchMap":{},"s":{"0":10},"f":{},"b":{},"_coverageSchema":"332fd63041d2c1bcb487cc26dd0d5f7d97098a6c","hash":"c832ac94d12241ab58a8ebc3ecf9cc5f47873a05"}
,"C:\\Users\\Henry Owen\\Documents\\react_course\\expensify_app\\src\\tests\\fixtures\\filters.js": {"path":"C:\\Users\\Henry Owen\\Documents\\react_course\\expensify_app\\src\\tests\\fixtures\\filters.js","statementMap":{"0":{"start":{"line":3,"column":16},"end":{"line":8,"column":1}},"1":{"start":{"line":10,"column":19},"end":{"line":16,"column":1}}},"fnMap":{},"branchMap":{},"s":{"0":1,"1":1},"f":{},"b":{},"_coverageSchema":"332fd63041d2c1bcb487cc26dd0d5f7d97098a6c","hash":"e930bb5fd700fa2833ba015d99c7f20423cfa664"}
}
